2026-04-10 11:13:41 | INFO    | ==================================================
2026-04-10 11:13:41 | INFO    | PHASE START : STEP 1 - FILE INGESTION
2026-04-10 11:13:41 | INFO    | LOG FILE    : logs/phase1_ingestion_20260410_111341.log
2026-04-10 11:13:41 | INFO    | ==================================================
2026-04-10 11:13:41 | INFO    | Ingestion pipeline initialized.
2026-04-10 11:13:41 | INFO    | Reading CBS_CSV file: src/com/iispl/testfiles/cbs_transactions.csv
2026-04-10 11:13:41 | INFO    | [CsvFileReader] Total CBS records read: 25
2026-04-10 11:13:41 | INFO    | Submitting 25 records from CBS.
2026-04-10 11:13:41 | INFO    | Reading RTGS_XML file: src/com/iispl/testfiles/rtgs_transactions.xml
2026-04-10 11:13:41 | INFO    | [XmlFileReader] Total RTGS records extracted: 25
2026-04-10 11:13:41 | INFO    | Submitting 25 records from RTGS.
2026-04-10 11:13:41 | INFO    | Reading NEFT_TXT file: src/com/iispl/testfiles/neft_transactions.txt
2026-04-10 11:13:41 | INFO    | [TxtFileReader] Total NEFT records read: 25
2026-04-10 11:13:41 | INFO    | Submitting 25 records from NEFT.
2026-04-10 11:13:41 | INFO    | Reading UPI_JSON file: src/com/iispl/testfiles/upi_transactions.json
2026-04-10 11:13:41 | INFO    | [JsonFileReader][UPI_JSON] Total records read: 25
2026-04-10 11:13:41 | INFO    | Submitting 25 records from UPI.
2026-04-10 11:13:41 | INFO    | Reading FINTECH_JSON file: src/com/iispl/testfiles/fintech_transactions.json
2026-04-10 11:13:41 | INFO    | [JsonFileReader][FINTECH_JSON] Total records read: 25
2026-04-10 11:13:41 | INFO    | Submitting 25 records from FINTECH.
2026-04-10 11:13:51 | INFO    | All files submitted. Waiting for workers to finish.
2026-04-10 11:13:51 | INFO    | Shutting down ingestion workers...
2026-04-10 11:13:58 | INFO    | Ingestion workers stopped. Queue size: 125
2026-04-10 11:13:58 | INFO    | Ingestion summary by source: CBS[read=25, adapted=25, queued=25, duplicate=0, rejected=0, failed=0]; RTGS[read=25, adapted=25, queued=25, duplicate=0, rejected=0, failed=0]; NEFT[read=25, adapted=25, queued=25, duplicate=0, rejected=0, failed=0]; UPI[read=25, adapted=25, queued=25, duplicate=0, rejected=0, failed=0]; FINTECH[read=25, adapted=25, queued=25, duplicate=0, rejected=0, failed=0];
2026-04-10 11:13:58 | INFO    | Ingestion completed successfully.
2026-04-10 11:13:58 | INFO    | PHASE COMPLETE: STEP 1 - FILE INGESTION (phase1_ingestion)
